<?xml version="1.0" encoding="UTF-8"?>
<!-- Generated by org.testng.reporters.JUnitReportReporter -->
<testsuite hostname="Surajs-MacBook-Air.local" failures="0" tests="2" name="com.demo.SwaglabsDemo.StandaloneSwagLabs" time="35.815" errors="0" timestamp="2025-04-11T17:23:01 IST" skipped="0">
  <testcase classname="com.demo.SwaglabsDemo.StandaloneSwagLabs" name="negativeLoginTest" time="17.536"/>
  <system-out/>
  <testcase classname="com.demo.SwaglabsDemo.StandaloneSwagLabs" name="positiveLoginTest" time="18.279"/>
  <system-out/>
</testsuite> <!-- com.demo.SwaglabsDemo.StandaloneSwagLabs -->
