<?xml version="1.0" encoding="UTF-8"?>
<!-- Generated by org.testng.reporters.JUnitReportReporter -->
<testsuite hostname="Surajs-MacBook-Air.local" failures="0" tests="3" name="com.swaglabs.runner.TestNGRunner" time="73.957" errors="0" timestamp="2025-05-23T13:04:41 IST" skipped="0">
  <testcase classname="com.swaglabs.runner.TestNGRunner" name="runScenario" time="56.948"/>
  <system-out/>
  <testcase classname="com.swaglabs.runner.TestNGRunner" name="runScenario" time="8.525"/>
  <system-out/>
  <testcase classname="com.swaglabs.runner.TestNGRunner" name="runScenario" time="8.484"/>
  <system-out/>
</testsuite> <!-- com.swaglabs.runner.TestNGRunner -->
